 20/08/2023 12:27:59:2759  info : run in http://localhost:5000/ 
 20/08/2023 12:27:59:2759  info : connected 
 20/08/2023 12:28:40:2840  info : 1 
 20/08/2023 12:28:40:2840  http : POST /api/TotalReceita 200 20 - 154.646 ms 
 
 20/08/2023 12:28:40:2840  info : 10 
 20/08/2023 12:28:40:2840  http : POST /api/manyDespesaAno 200 923 - 154.727 ms 
 
 20/08/2023 12:28:40:2840  info : 1 
 20/08/2023 12:28:40:2840  http : POST /api/TotalReceita 200 20 - 155.541 ms 
 
 20/08/2023 12:28:40:2840  info : 1 
 20/08/2023 12:28:40:2840  http : POST /api/TotalDespesa 200 19 - 174.395 ms 
 
 20/08/2023 12:28:40:2840  info : 17 
 20/08/2023 12:28:40:2840  http : POST /api/manyDespesa 200 1407 - 171.356 ms 
 
 20/08/2023 12:28:40:2840  info : 17 
 20/08/2023 12:28:40:2840  http : POST /api/manyDespesa 200 1407 - 6.161 ms 
 
 20/08/2023 12:28:40:2840  info : 10 
 20/08/2023 12:28:40:2840  http : POST /api/manyDespesaAno 200 923 - 8.809 ms 
 
 20/08/2023 12:28:40:2840  info : 1 
 20/08/2023 12:28:40:2840  http : POST /api/TotalDespesa 200 19 - 221.266 ms 
 
 20/08/2023 12:30:37:3037  info : 1 
 20/08/2023 12:30:37:3037  http : POST /api/TotalDespesa 200 19 - 118.979 ms 
 
 20/08/2023 12:30:37:3037  info : 1 
 20/08/2023 12:30:37:3037  http : POST /api/TotalReceita 200 20 - 128.717 ms 
 
 20/08/2023 12:30:37:3037  info : 17 
 20/08/2023 12:30:37:3037  http : POST /api/manyDespesa 200 1407 - 11.135 ms 
 
 20/08/2023 12:30:37:3037  info : 17 
 20/08/2023 12:30:37:3037  http : POST /api/manyDespesa 200 1407 - 138.101 ms 
 
 20/08/2023 12:30:37:3037  info : 10 
 20/08/2023 12:30:37:3037  http : POST /api/manyDespesaAno 200 923 - 6.535 ms 
 
 20/08/2023 12:30:37:3037  info : 10 
 20/08/2023 12:30:37:3037  http : POST /api/manyDespesaAno 200 923 - 135.954 ms 
 
 20/08/2023 12:30:37:3037  info : 1 
 20/08/2023 12:30:37:3037  http : POST /api/TotalDespesa 200 19 - 130.462 ms 
 
 20/08/2023 12:30:37:3037  info : 1 
 20/08/2023 12:30:37:3037  http : POST /api/TotalReceita 200 20 - 128.369 ms 
 
 20/08/2023 12:31:29:3129  info : 1 
 20/08/2023 12:31:29:3129  http : POST /api/TotalReceita 200 20 - 88.174 ms 
 
 20/08/2023 12:31:29:3129  info : 1 
 20/08/2023 12:31:29:3129  http : POST /api/TotalDespesa 200 19 - 90.839 ms 
 
 20/08/2023 12:31:29:3129  info : 17 
 20/08/2023 12:31:29:3129  http : POST /api/manyDespesa 200 1407 - 90.681 ms 
 
 20/08/2023 12:31:29:3129  info : 10 
 20/08/2023 12:31:29:3129  http : POST /api/manyDespesaAno 200 923 - 92.337 ms 
 
 20/08/2023 12:32:26:3226  info : 1 
 20/08/2023 12:32:26:3226  http : POST /api/TotalReceita 200 20 - 93.185 ms 
 
 20/08/2023 12:32:26:3226  info : 17 
 20/08/2023 12:32:26:3226  http : POST /api/manyDespesa 200 1407 - 9.820 ms 
 
 20/08/2023 12:32:26:3226  info : 10 
 20/08/2023 12:32:26:3226  http : POST /api/manyDespesaAno 200 923 - 113.407 ms 
 
 20/08/2023 12:32:26:3226  info : 10 
 20/08/2023 12:32:26:3226  http : POST /api/manyDespesaAno 200 923 - 5.810 ms 
 
 20/08/2023 12:32:26:3226  info : 1 
 20/08/2023 12:32:26:3226  http : POST /api/TotalDespesa 200 19 - 120.527 ms 
 
 20/08/2023 12:32:26:3226  info : 1 
 20/08/2023 12:32:26:3226  http : POST /api/TotalReceita 200 20 - 123.663 ms 
 
 20/08/2023 12:32:26:3226  info : 1 
 20/08/2023 12:32:26:3226  http : POST /api/TotalDespesa 200 19 - 194.976 ms 
 
 20/08/2023 12:32:26:3226  info : 17 
 20/08/2023 12:32:26:3226  http : POST /api/manyDespesa 200 1407 - 208.435 ms 
 
 20/08/2023 12:32:30:3230  info : 1 
 20/08/2023 12:32:30:3230  http : POST /api/TotalDespesa 200 19 - 2.641 ms 
 
 20/08/2023 12:32:30:3230  info : 1 
 20/08/2023 12:32:30:3230  http : POST /api/TotalReceita 200 19 - 6.400 ms 
 
 20/08/2023 12:32:30:3230  info : 17 
 20/08/2023 12:32:30:3230  http : POST /api/manyDespesa 200 1390 - 8.597 ms 
 
 20/08/2023 12:33:36:3336  info : 1 
 20/08/2023 12:33:36:3336  http : POST /api/TotalDespesa 200 19 - 111.700 ms 
 
 20/08/2023 12:33:36:3336  info : 1 
 20/08/2023 12:33:36:3336  http : POST /api/TotalReceita 200 20 - 117.311 ms 
 
 20/08/2023 12:33:36:3336  info : 17 
 20/08/2023 12:33:36:3336  http : POST /api/manyDespesa 200 1407 - 123.260 ms 
 
 20/08/2023 12:33:36:3336  info : 10 
 20/08/2023 12:33:36:3336  http : POST /api/manyDespesaAno 200 923 - 121.828 ms 
 
 20/08/2023 12:33:36:3336  info : 17 
 20/08/2023 12:33:36:3336  http : POST /api/manyDespesa 200 1407 - 8.852 ms 
 
 20/08/2023 12:33:36:3336  info : 10 
 20/08/2023 12:33:36:3336  http : POST /api/manyDespesaAno 200 923 - 8.079 ms 
 
 20/08/2023 12:33:36:3336  info : 1 
 20/08/2023 12:33:36:3336  http : POST /api/TotalReceita 200 20 - 122.010 ms 
 
 20/08/2023 12:33:36:3336  info : 1 
 20/08/2023 12:33:36:3336  http : POST /api/TotalDespesa 200 19 - 127.242 ms 
 
 20/08/2023 12:34:46:3446  info : 1 
 20/08/2023 12:34:46:3446  http : POST /api/TotalDespesa 200 12 - 74.141 ms 
 
 20/08/2023 12:34:46:3446  info : 1 
 20/08/2023 12:34:46:3446  http : POST /api/TotalReceita 200 12 - 76.019 ms 
 
 20/08/2023 12:34:46:3446  info : 0 
 20/08/2023 12:34:46:3446  http : POST /api/manyDespesa 200 - - 79.973 ms 
 
 20/08/2023 12:34:48:3448  info : 1 
 20/08/2023 12:34:48:3448  http : POST /api/TotalDespesa 200 12 - 4.184 ms 
 
 20/08/2023 12:34:48:3448  info : 1 
 20/08/2023 12:34:48:3448  http : POST /api/TotalReceita 200 12 - 5.063 ms 
 
 20/08/2023 12:34:48:3448  info : 0 
 20/08/2023 12:34:48:3448  http : POST /api/manyDespesa 200 - - 6.260 ms 
 
 20/08/2023 12:34:51:3451  info : 1 
 20/08/2023 12:34:51:3451  http : POST /api/TotalDespesa 200 19 - 5.627 ms 
 
 20/08/2023 12:34:51:3451  info : 1 
 20/08/2023 12:34:51:3451  http : POST /api/TotalReceita 200 19 - 5.964 ms 
 
 20/08/2023 12:34:51:3451  info : 17 
 20/08/2023 12:34:51:3451  http : POST /api/manyDespesa 200 1390 - 7.846 ms 
 
 20/08/2023 12:35:42:3542  info : 1 
 20/08/2023 12:35:42:3542  http : POST /api/TotalDespesa 200 19 - 69.540 ms 
 
 20/08/2023 12:35:42:3542  info : 17 
 20/08/2023 12:35:42:3542  http : POST /api/manyDespesa 200 1407 - 4.173 ms 
 
 20/08/2023 12:35:42:3542  info : 10 
 20/08/2023 12:35:42:3542  http : POST /api/manyDespesaAno 200 923 - 2.248 ms 
 
 20/08/2023 12:35:42:3542  info : 10 
 20/08/2023 12:35:42:3542  http : POST /api/manyDespesaAno 200 923 - 83.187 ms 
 
 20/08/2023 12:35:42:3542  info : 1 
 20/08/2023 12:35:42:3542  http : POST /api/TotalDespesa 200 19 - 64.990 ms 
 
 20/08/2023 12:35:42:3542  info : 1 
 20/08/2023 12:35:42:3542  http : POST /api/TotalReceita 200 20 - 68.533 ms 
 
 20/08/2023 12:35:42:3542  info : 1 
 20/08/2023 12:35:42:3542  http : POST /api/TotalReceita 200 19 - 182.047 ms 
 
 20/08/2023 12:35:42:3542  info : 17 
 20/08/2023 12:35:42:3542  http : POST /api/manyDespesa 200 1390 - 192.326 ms 
 
 20/08/2023 12:36:29:3629  info : 1 
 20/08/2023 12:36:29:3629  http : POST /api/TotalDespesa 200 19 - 93.312 ms 
 
 20/08/2023 12:36:29:3629  info : 1 
 20/08/2023 12:36:29:3629  http : POST /api/TotalReceita 200 19 - 96.153 ms 
 
 20/08/2023 12:36:29:3629  info : 1 
 20/08/2023 12:36:29:3629  http : POST /api/TotalReceita 200 20 - 7.839 ms 
 
 20/08/2023 12:36:29:3629  info : 17 
 20/08/2023 12:36:29:3629  http : POST /api/manyDespesa 200 1390 - 105.829 ms 
 
 20/08/2023 12:36:29:3629  info : 17 
 20/08/2023 12:36:29:3629  http : POST /api/manyDespesa 200 1407 - 10.148 ms 
 
 20/08/2023 12:36:29:3629  info : 10 
 20/08/2023 12:36:29:3629  http : POST /api/manyDespesaAno 200 923 - 6.962 ms 
 
 20/08/2023 12:36:29:3629  info : 10 
 20/08/2023 12:36:29:3629  http : POST /api/manyDespesaAno 200 923 - 110.278 ms 
 
 20/08/2023 12:36:29:3629  info : 1 
 20/08/2023 12:36:29:3629  http : POST /api/TotalDespesa 200 19 - 70.762 ms 
 
 20/08/2023 12:36:45:3645  info : 1 
 20/08/2023 12:36:45:3645  http : POST /api/TotalDespesa 200 19 - 5.768 ms 
 
 20/08/2023 12:36:45:3645  info : 17 
 20/08/2023 12:36:45:3645  http : POST /api/manyDespesa 200 1390 - 4.535 ms 
 
 20/08/2023 12:36:45:3645  info : 10 
 20/08/2023 12:36:45:3645  http : POST /api/manyDespesaAno 200 923 - 5.244 ms 
 
 20/08/2023 12:36:45:3645  info : 1 
 20/08/2023 12:36:45:3645  http : POST /api/TotalReceita 200 19 - 8.863 ms 
 
 20/08/2023 12:36:45:3645  info : 1 
 20/08/2023 12:36:45:3645  http : POST /api/TotalDespesa 200 19 - 2.797 ms 
 
 20/08/2023 12:36:45:3645  info : 1 
 20/08/2023 12:36:45:3645  http : POST /api/TotalReceita 200 20 - 3.071 ms 
 
 20/08/2023 12:36:45:3645  info : 17 
 20/08/2023 12:36:45:3645  http : POST /api/manyDespesa 200 1407 - 3.999 ms 
 
 20/08/2023 12:36:45:3645  info : 10 
 20/08/2023 12:36:45:3645  http : POST /api/manyDespesaAno 200 923 - 4.973 ms 
 
 20/08/2023 12:37:01:371  info : 1 
 20/08/2023 12:37:01:371  http : POST /api/TotalDespesa 200 19 - 3.739 ms 
 
 20/08/2023 12:37:01:371  info : 1 
 20/08/2023 12:37:01:371  http : POST /api/TotalReceita 200 19 - 3.432 ms 
 
 20/08/2023 12:37:01:371  info : 17 
 20/08/2023 12:37:01:371  http : POST /api/manyDespesa 200 1390 - 4.174 ms 
 
 20/08/2023 12:37:01:371  info : 10 
 20/08/2023 12:37:01:371  http : POST /api/manyDespesaAno 200 923 - 5.379 ms 
 
 20/08/2023 12:37:02:372  info : 1 
 20/08/2023 12:37:02:372  http : POST /api/TotalDespesa 200 19 - 4.095 ms 
 
 20/08/2023 12:37:02:372  info : 1 
 20/08/2023 12:37:02:372  http : POST /api/TotalReceita 200 20 - 5.288 ms 
 
 20/08/2023 12:37:02:372  info : 17 
 20/08/2023 12:37:02:372  http : POST /api/manyDespesa 200 1407 - 6.902 ms 
 
 20/08/2023 12:37:02:372  info : 10 
 20/08/2023 12:37:02:372  http : POST /api/manyDespesaAno 200 923 - 8.225 ms 
 
 20/08/2023 12:37:03:373  info : 1 
 20/08/2023 12:37:03:373  http : POST /api/TotalDespesa 200 19 - 3.152 ms 
 
 20/08/2023 12:37:03:373  info : 1 
 20/08/2023 12:37:03:373  http : POST /api/TotalReceita 200 19 - 4.684 ms 
 
 20/08/2023 12:37:03:373  info : 17 
 20/08/2023 12:37:03:373  http : POST /api/manyDespesa 200 1390 - 5.483 ms 
 
 20/08/2023 12:37:03:373  info : 10 
 20/08/2023 12:37:03:373  http : POST /api/manyDespesaAno 200 923 - 6.360 ms 
 
 20/08/2023 12:37:04:374  info : 1 
 20/08/2023 12:37:04:374  http : POST /api/TotalDespesa 200 19 - 3.452 ms 
 
 20/08/2023 12:37:04:374  info : 1 
 20/08/2023 12:37:04:374  http : POST /api/TotalReceita 200 20 - 3.980 ms 
 
 20/08/2023 12:37:04:374  info : 17 
 20/08/2023 12:37:04:374  http : POST /api/manyDespesa 200 1407 - 4.565 ms 
 
 20/08/2023 12:37:04:374  info : 10 
 20/08/2023 12:37:04:374  http : POST /api/manyDespesaAno 200 923 - 5.298 ms 
 
 20/08/2023 12:44:28:4428  info : 1 
 20/08/2023 12:44:28:4428  http : POST /api/TotalDespesa 200 19 - 107.700 ms 
 
 20/08/2023 12:44:29:4429  info : 1 
 20/08/2023 12:44:29:4429  http : POST /api/TotalReceita 200 20 - 116.560 ms 
 
 20/08/2023 12:44:29:4429  info : 17 
 20/08/2023 12:44:29:4429  http : POST /api/manyDespesa 200 1407 - 116.717 ms 
 
 20/08/2023 12:44:29:4429  info : 17 
 20/08/2023 12:44:29:4429  http : POST /api/manyDespesa 200 1407 - 5.222 ms 
 
 20/08/2023 12:44:29:4429  info : 10 
 20/08/2023 12:44:29:4429  http : POST /api/manyDespesaAno 200 923 - 120.700 ms 
 
 20/08/2023 12:44:29:4429  info : 10 
 20/08/2023 12:44:29:4429  http : POST /api/manyDespesaAno 200 923 - 5.118 ms 
 
 20/08/2023 12:44:29:4429  info : 1 
 20/08/2023 12:44:29:4429  http : POST /api/TotalDespesa 200 19 - 124.196 ms 
 
 20/08/2023 12:44:29:4429  info : 1 
 20/08/2023 12:44:29:4429  http : POST /api/TotalReceita 200 20 - 126.040 ms 
 
 20/08/2023 12:44:29:4429  info : 1 
 20/08/2023 12:44:29:4429  http : POST /api/TotalDespesa 200 19 - 14.094 ms 
 
 20/08/2023 12:44:29:4429  info : 17 
 20/08/2023 12:44:29:4429  http : POST /api/manyDespesa 200 1407 - 10.622 ms 
 
 20/08/2023 12:44:29:4429  info : 1 
 20/08/2023 12:44:29:4429  http : POST /api/TotalReceita 200 20 - 17.354 ms 
 
 20/08/2023 12:44:29:4429  info : 10 
 20/08/2023 12:44:29:4429  http : POST /api/manyDespesaAno 200 923 - 14.504 ms 
 
 20/08/2023 12:44:29:4429  info : 1 
 20/08/2023 12:44:29:4429  http : POST /api/TotalDespesa 200 19 - 15.096 ms 
 
 20/08/2023 12:44:29:4429  info : 1 
 20/08/2023 12:44:29:4429  http : POST /api/TotalReceita 200 20 - 16.650 ms 
 
 20/08/2023 12:44:29:4429  info : 10 
 20/08/2023 12:44:29:4429  http : POST /api/manyDespesaAno 200 923 - 4.180 ms 
 
 20/08/2023 12:44:29:4429  info : 17 
 20/08/2023 12:44:29:4429  http : POST /api/manyDespesa 200 1407 - 12.259 ms 
 
 20/08/2023 12:45:18:4518  info : 1 
 20/08/2023 12:45:18:4518  http : POST /api/TotalDespesa 200 19 - 72.436 ms 
 
 20/08/2023 12:45:18:4518  info : 1 
 20/08/2023 12:45:18:4518  http : POST /api/TotalReceita 200 20 - 74.434 ms 
 
 20/08/2023 12:45:19:4519  info : 1 
 20/08/2023 12:45:19:4519  http : POST /api/TotalReceita 200 20 - 4.609 ms 
 
 20/08/2023 12:45:19:4519  info : 1 
 20/08/2023 12:45:19:4519  http : POST /api/TotalDespesa 200 19 - 6.841 ms 
 
 20/08/2023 12:45:30:4530  info : 1 
 20/08/2023 12:45:30:4530  http : POST /api/TotalDespesa 200 19 - 3.798 ms 
 
 20/08/2023 12:45:30:4530  info : 1 
 20/08/2023 12:45:30:4530  http : POST /api/TotalReceita 200 20 - 4.192 ms 
 
 20/08/2023 12:45:31:4531  info : 17 
 20/08/2023 12:45:31:4531  http : POST /api/manyDespesa 200 1407 - 11.179 ms 
 
 20/08/2023 12:45:31:4531  info : 1 
 20/08/2023 12:45:31:4531  http : POST /api/TotalDespesa 200 19 - 10.925 ms 
 
 20/08/2023 12:45:31:4531  info : 17 
 20/08/2023 12:45:31:4531  http : POST /api/manyDespesa 200 1407 - 4.143 ms 
 
 20/08/2023 12:45:31:4531  info : 10 
 20/08/2023 12:45:31:4531  http : POST /api/manyDespesaAno 200 923 - 6.849 ms 
 
 20/08/2023 12:45:31:4531  info : 1 
 20/08/2023 12:45:31:4531  http : POST /api/TotalReceita 200 20 - 86.652 ms 
 
 20/08/2023 12:45:31:4531  info : 10 
 20/08/2023 12:45:31:4531  http : POST /api/manyDespesaAno 200 923 - 94.495 ms 
 
 20/08/2023 12:45:31:4531  info : 1 
 20/08/2023 12:45:31:4531  http : POST /api/TotalReceita 200 20 - 96.208 ms 
 
 20/08/2023 12:45:31:4531  info : 1 
 20/08/2023 12:45:31:4531  http : POST /api/TotalReceita 200 20 - 98.510 ms 
 
 20/08/2023 12:45:31:4531  info : 1 
 20/08/2023 12:45:31:4531  http : POST /api/TotalReceita 200 20 - 8.323 ms 
 
 20/08/2023 12:45:31:4531  info : 1 
 20/08/2023 12:45:31:4531  http : POST /api/TotalReceita 200 20 - 10.057 ms 
 
 20/08/2023 12:45:31:4531  info : 1 
 20/08/2023 12:45:31:4531  http : POST /api/TotalDespesa 200 19 - 14.700 ms 
 
 20/08/2023 12:45:31:4531  info : 10 
 20/08/2023 12:45:31:4531  http : POST /api/manyDespesaAno 200 923 - 13.190 ms 
 
 20/08/2023 12:45:31:4531  info : 17 
 20/08/2023 12:45:31:4531  http : POST /api/manyDespesa 200 1407 - 19.115 ms 
 
 20/08/2023 12:45:31:4531  info : 1 
 20/08/2023 12:45:31:4531  http : POST /api/TotalDespesa 200 19 - 13.164 ms 
 
 20/08/2023 12:45:31:4531  info : 1 
 20/08/2023 12:45:31:4531  http : POST /api/TotalReceita 200 20 - 9.660 ms 
 
 20/08/2023 12:45:31:4531  info : 1 
 20/08/2023 12:45:31:4531  http : POST /api/TotalReceita 200 20 - 11.792 ms 
 
 20/08/2023 12:45:31:4531  info : 17 
 20/08/2023 12:45:31:4531  http : POST /api/manyDespesa 200 1407 - 13.630 ms 
 
 20/08/2023 12:45:31:4531  info : 10 
 20/08/2023 12:45:31:4531  http : POST /api/manyDespesaAno 200 923 - 12.974 ms 
 
 20/08/2023 12:46:51:4651  info : run in http://localhost:5000/ 
 20/08/2023 12:46:51:4651  info : connected 
 20/08/2023 12:47:08:478  info : run in http://localhost:5000/ 
 20/08/2023 12:47:08:478  info : connected 
 20/08/2023 12:47:26:4726  info : run in http://localhost:5000/ 
 20/08/2023 12:47:26:4726  info : connected 
 20/08/2023 12:49:16:4916  info : run in http://localhost:5000/ 
 20/08/2023 12:49:16:4916  info : connected 
 20/08/2023 12:49:44:4944  info : run in http://localhost:5000/ 
 20/08/2023 12:49:44:4944  info : connected 
 20/08/2023 12:50:03:503  info : 1 
 20/08/2023 12:50:03:503  http : POST /api/TotalDespesa 200 19 - 103.190 ms 
 
 20/08/2023 12:50:03:503  info : 1 
 20/08/2023 12:50:03:503  http : POST /api/TotalReceita 200 20 - 113.269 ms 
 
 20/08/2023 12:50:03:503  info : 1 
 20/08/2023 12:50:03:503  http : POST /api/VendaAnimais 200 15 - 114.780 ms 
 
 20/08/2023 12:50:03:503  info : 1 
 20/08/2023 12:50:03:503  http : POST /api/TotalReceita 200 20 - 7.970 ms 
 
 20/08/2023 12:50:03:503  info : 17 
 20/08/2023 12:50:03:503  http : POST /api/manyDespesa 200 1407 - 125.765 ms 
 
 20/08/2023 12:50:03:503  info : 1 
 20/08/2023 12:50:03:503  http : POST /api/VendaAnimais 200 15 - 10.495 ms 
 
 20/08/2023 12:50:03:503  info : 1 
 20/08/2023 12:50:03:503  http : POST /api/TotalDespesa 200 19 - 126.703 ms 
 
 20/08/2023 12:50:03:503  info : 10 
 20/08/2023 12:50:03:503  http : POST /api/manyDespesaAno 200 923 - 130.140 ms 
 
 20/08/2023 12:50:03:503  info : 17 
 20/08/2023 12:50:03:503  http : POST /api/manyDespesa 200 1407 - 11.290 ms 
 
 20/08/2023 12:50:03:503  info : 10 
 20/08/2023 12:50:03:503  http : POST /api/manyDespesaAno 200 923 - 4.367 ms 
 
 20/08/2023 12:51:19:5119  info : 1 
 20/08/2023 12:51:19:5119  http : POST /api/TotalDespesa 200 19 - 95.669 ms 
 
 20/08/2023 12:51:19:5119  info : 1 
 20/08/2023 12:51:19:5119  http : POST /api/TotalReceita 200 20 - 103.668 ms 
 
 20/08/2023 12:51:19:5119  info : 17 
 20/08/2023 12:51:19:5119  http : POST /api/manyDespesa 200 1407 - 102.799 ms 
 
 20/08/2023 12:51:19:5119  info : 1 
 20/08/2023 12:51:19:5119  http : POST /api/TotalReceita 200 20 - 6.507 ms 
 
 20/08/2023 12:51:19:5119  info : 1 
 20/08/2023 12:51:19:5119  http : POST /api/VendaAnimais 200 15 - 6.067 ms 
 
 20/08/2023 12:51:19:5119  info : 1 
 20/08/2023 12:51:19:5119  http : POST /api/TotalDespesa 200 19 - 113.151 ms 
 
 20/08/2023 12:51:19:5119  info : 10 
 20/08/2023 12:51:19:5119  http : POST /api/manyDespesaAno 200 923 - 116.545 ms 
 
 20/08/2023 12:51:19:5119  info : 17 
 20/08/2023 12:51:19:5119  http : POST /api/manyDespesa 200 1407 - 10.714 ms 
 
 20/08/2023 12:51:19:5119  info : 10 
 20/08/2023 12:51:19:5119  http : POST /api/manyDespesaAno 200 923 - 10.307 ms 
 
 20/08/2023 12:51:19:5119  info : 1 
 20/08/2023 12:51:19:5119  http : POST /api/VendaAnimais 200 15 - 182.327 ms 
 
 20/08/2023 12:51:29:5129  info : 1 
 20/08/2023 12:51:29:5129  http : POST /api/TotalReceita 200 20 - 5.386 ms 
 
 20/08/2023 12:51:29:5129  info : 1 
 20/08/2023 12:51:29:5129  http : POST /api/TotalDespesa 200 19 - 10.041 ms 
 
 20/08/2023 12:51:29:5129  info : 1 
 20/08/2023 12:51:29:5129  http : POST /api/TotalDespesa 200 19 - 7.254 ms 
 
 20/08/2023 12:51:29:5129  info : 1 
 20/08/2023 12:51:29:5129  http : POST /api/VendaAnimais 200 15 - 10.470 ms 
 
 20/08/2023 12:51:29:5129  info : 10 
 20/08/2023 12:51:29:5129  http : POST /api/manyDespesaAno 200 923 - 10.246 ms 
 
 20/08/2023 12:51:29:5129  info : 17 
 20/08/2023 12:51:29:5129  http : POST /api/manyDespesa 200 1407 - 13.236 ms 
 
 20/08/2023 12:51:29:5129  info : 1 
 20/08/2023 12:51:29:5129  http : POST /api/VendaAnimais 200 15 - 5.110 ms 
 
 20/08/2023 12:51:29:5129  info : 1 
 20/08/2023 12:51:29:5129  http : POST /api/TotalReceita 200 20 - 9.902 ms 
 
 20/08/2023 12:51:29:5129  info : 17 
 20/08/2023 12:51:29:5129  http : POST /api/manyDespesa 200 1407 - 12.930 ms 
 
 20/08/2023 12:51:29:5129  info : 10 
 20/08/2023 12:51:29:5129  http : POST /api/manyDespesaAno 200 923 - 16.053 ms 
 
 20/08/2023 12:53:08:538  info : 1 
 20/08/2023 12:53:08:538  http : POST /api/TotalReceita 200 19 - 78.773 ms 
 
 20/08/2023 12:53:08:538  info : 1 
 20/08/2023 12:53:08:538  http : POST /api/VendaAnimais 200 15 - 80.458 ms 
 
 20/08/2023 12:53:08:538  info : 17 
 20/08/2023 12:53:08:538  http : POST /api/manyDespesa 200 1393 - 85.683 ms 
 
 20/08/2023 12:53:08:538  info : 1 
 20/08/2023 12:53:08:538  http : POST /api/TotalDespesa 200 19 - 167.031 ms 
 
 20/08/2023 12:57:03:573  info : 1 
 20/08/2023 12:57:03:573  http : POST /api/TotalDespesa 200 19 - 80.269 ms 
 
 20/08/2023 12:57:03:573  info : 1 
 20/08/2023 12:57:03:573  http : POST /api/TotalReceita 200 19 - 85.263 ms 
 
 20/08/2023 12:57:03:573  info : 1 
 20/08/2023 12:57:03:573  http : POST /api/VendaAnimais 200 14 - 85.804 ms 
 
 20/08/2023 12:57:03:573  info : 17 
 20/08/2023 12:57:03:573  http : POST /api/manyDespesa 200 1390 - 88.917 ms 
 
 20/08/2023 12:57:07:577  info : 10 
 20/08/2023 12:57:07:577  http : POST /api/manyDespesaAno 200 921 - 2.740 ms 
 
 20/08/2023 12:57:11:5711  info : 10 
 20/08/2023 12:57:11:5711  http : POST /api/manyDespesaAno 200 923 - 2.596 ms 
 
 20/08/2023 13:01:22:122  info : 1 
 20/08/2023 13:01:22:122  http : POST /api/TotalReceita 200 19 - 131.233 ms 
 
 20/08/2023 13:01:22:122  info : 1 
 20/08/2023 13:01:22:122  http : POST /api/TotalDespesa 200 19 - 136.167 ms 
 
 20/08/2023 13:01:22:122  info : 1 
 20/08/2023 13:01:22:122  http : POST /api/VendaAnimais 200 14 - 138.268 ms 
 
 20/08/2023 13:01:22:122  info : 10 
 20/08/2023 13:01:22:122  http : POST /api/manyDespesaAno 200 923 - 141.203 ms 
 
 20/08/2023 13:01:22:122  info : 17 
 20/08/2023 13:01:22:122  http : POST /api/manyDespesa 200 1390 - 144.668 ms 
 
 20/08/2023 13:02:15:215  info : 1 
 20/08/2023 13:02:15:215  http : POST /api/TotalDespesa 200 19 - 93.785 ms 
 
 20/08/2023 13:02:15:215  info : 1 
 20/08/2023 13:02:15:215  http : POST /api/TotalReceita 200 19 - 93.995 ms 
 
 20/08/2023 13:02:15:215  info : 1 
 20/08/2023 13:02:15:215  http : POST /api/VendaAnimais 200 14 - 99.001 ms 
 
 20/08/2023 13:02:15:215  info : 17 
 20/08/2023 13:02:15:215  http : POST /api/manyDespesa 200 1390 - 100.507 ms 
 
 20/08/2023 13:02:15:215  info : 10 
 20/08/2023 13:02:15:215  http : POST /api/manyDespesaAno 200 923 - 100.357 ms 
 
 20/08/2023 13:02:25:225  info : 1 
 20/08/2023 13:02:25:225  http : POST /api/TotalDespesa 200 19 - 3.692 ms 
 
 20/08/2023 13:02:25:225  info : 1 
 20/08/2023 13:02:25:225  http : POST /api/VendaAnimais 200 14 - 4.802 ms 
 
 20/08/2023 13:02:25:225  info : 1 
 20/08/2023 13:02:25:225  http : POST /api/TotalReceita 200 19 - 8.447 ms 
 
 20/08/2023 13:02:25:225  info : 17 
 20/08/2023 13:02:25:225  http : POST /api/manyDespesa 200 1390 - 6.661 ms 
 
 20/08/2023 13:02:25:225  info : 10 
 20/08/2023 13:02:25:225  http : POST /api/manyDespesaAno 200 923 - 7.250 ms 
 
 20/08/2023 13:02:29:229  info : 1 
 20/08/2023 13:02:29:229  http : POST /api/TotalDespesa 200 19 - 4.505 ms 
 
 20/08/2023 13:02:29:229  info : 1 
 20/08/2023 13:02:29:229  http : POST /api/VendaAnimais 200 15 - 6.412 ms 
 
 20/08/2023 13:02:29:229  info : 1 
 20/08/2023 13:02:29:229  http : POST /api/TotalReceita 200 20 - 9.275 ms 
 
 20/08/2023 13:02:29:229  info : 10 
 20/08/2023 13:02:29:229  http : POST /api/manyDespesaAno 200 923 - 6.342 ms 
 
 20/08/2023 13:02:29:229  info : 17 
 20/08/2023 13:02:29:229  http : POST /api/manyDespesa 200 1407 - 12.495 ms 
 
 20/08/2023 13:02:29:229  info : 1 
 20/08/2023 13:02:29:229  http : POST /api/TotalDespesa 200 19 - 8.377 ms 
 
 20/08/2023 13:02:29:229  info : 1 
 20/08/2023 13:02:29:229  http : POST /api/TotalReceita 200 20 - 9.283 ms 
 
 20/08/2023 13:02:29:229  info : 1 
 20/08/2023 13:02:29:229  http : POST /api/VendaAnimais 200 15 - 10.275 ms 
 
 20/08/2023 13:02:29:229  info : 17 
 20/08/2023 13:02:29:229  http : POST /api/manyDespesa 200 1407 - 12.543 ms 
 
 20/08/2023 13:02:29:229  info : 10 
 20/08/2023 13:02:29:229  http : POST /api/manyDespesaAno 200 923 - 12.119 ms 
 
