2023-04-23 12:02:07:27 [31merror[39m:[31mconnection error[39m
 2023-04-26 22:46:27:4627 [31merror[39m : [31msyntax error at or near "Eventual"[39m 
 2023-04-26 23:10:29:1029  [31merror[39m : [31mcolumn "undefined" does not exist[39m 
 2023-04-26 23:14:49:1449  [31merror[39m : [31mcolumn "undefined" does not exist[39m 
 2023-04-26 23:15:39:1539  [31merror[39m : [31mcolumn "undefined" does not exist[39m 
 03/05/2023 22:08:36:836  [31merror[39m : [31msyntax error at or near "["[39m 
 03/06/2023 13:01:49:149  [31merror[39m : [31msyntax error at or near "["[39m 
 03/06/2023 13:33:54:3354  [31merror[39m : [31msyntax error at or near "["[39m 
 03/06/2023 13:37:20:3720  [31merror[39m : [31mcolumn "undefined" does not exist[39m 
 03/06/2023 17:15:15:1515  [31merror[39m : [31mcolumn "janeiro" does not exist[39m 
 03/06/2023 17:16:21:1621  [31merror[39m : [31mcolumn "janeiro" does not exist[39m 
 03/06/2023 17:16:37:1637  [31merror[39m : [31mcolumn "janeiro" does not exist[39m 
 03/06/2023 17:17:13:1713  [31merror[39m : [31mcolumn "janeiro" does not exist[39m 
 03/06/2023 17:17:59:1759  [31merror[39m : [31mcolumn "janeiro" does not exist[39m 
 03/06/2023 17:18:48:1848  [31merror[39m : [31mcolumn "undefined" does not exist[39m 
 03/06/2023 17:28:18:2818  [31merror[39m : [31mconnection error: [39m 
 03/06/2023 18:47:31:4731  [31merror[39m : [31mcolumn "fevereiro" does not exist[39m 
 03/06/2023 18:52:16:5216  [31merror[39m : [31mcolumn "fevereiro" does not exist[39m 
 03/06/2023 18:52:30:5230  [31merror[39m : [31mcolumn "janeiro" does not exist[39m 
 03/06/2023 22:41:28:4128  [31merror[39m : [31moperator does not exist: integer == integer[39m 
 04/06/2023 14:23:15:2315  [31merror[39m : [31mcolumn "['2019']" does not exist[39m 
 04/06/2023 14:24:30:2430  [31merror[39m : [31mcolumn "['2021']" does not exist[39m 
 04/06/2023 14:35:28:3528  [31merror[39m : [31mcolumn reference "valor" is ambiguous[39m 
 04/06/2023 14:35:29:3529  [31merror[39m : [31mcolumn reference "valor" is ambiguous[39m 
 04/06/2023 14:35:37:3537  [31merror[39m : [31mcolumn reference "valor" is ambiguous[39m 
 04/06/2023 23:56:24:5624  [31merror[39m : [31mconnection error: [39m 
 05/06/2023 00:00:07:07  [31merror[39m : [31mconnection error: [39m 
 05/06/2023 00:00:14:014  [31merror[39m : [31mCannot use a pool after calling end on the pool[39m 
 05/06/2023 00:05:27:527  [31merror[39m : [31mconnection error: [39m 
 08/06/2023 11:40:14:4014  [31merror[39m : [31mcolumn "undefined" does not exist[39m 
 08/06/2023 11:40:14:4014  [31merror[39m : [31mcolumn "undefined" does not exist[39m 
 08/06/2023 11:40:14:4014  [31merror[39m : [31mcolumn "undefined" does not exist[39m 
 08/06/2023 11:40:14:4014  [31merror[39m : [31mcolumn "undefined" does not exist[39m 
 08/06/2023 11:40:14:4014  [31merror[39m : [31mcolumn "undefined" does not exist[39m 
 08/06/2023 11:40:14:4014  [31merror[39m : [31mcolumn "undefined" does not exist[39m 
 08/06/2023 11:40:39:4039  [31merror[39m : [31mcolumn "undefined" does not exist[39m 
 08/06/2023 11:41:27:4127  [31merror[39m : [31mcolumn "undefined" does not exist[39m 
 08/06/2023 11:41:27:4127  [31merror[39m : [31mcolumn "undefined" does not exist[39m 
